<?xml version="1.0" encoding="UTF-8"?>
<!-- Generated by org.testng.reporters.JUnitReportReporter -->
<testsuite hostname="fv-az83-831" failures="0" tests="2" name="runner.TestRunner" time="4.627" errors="0" timestamp="2021-08-16T15:03:36 UTC" skipped="0">
  <testcase classname="runner.TestRunner" name="runScenario" time="0.816"/>
  <system-out/>
  <testcase classname="runner.TestRunner" name="runScenario" time="3.811"/>
  <system-out/>
</testsuite> <!-- runner.TestRunner -->
